INFO:  latexindent.pl version 3.24.2, 2024-06-15, a script to indent .tex files
       latexindent.pl lives here: /home/sam/.miktex/texmfs/install/scripts/latexindent/
       Mon Sep 23 19:52:36 2024
       Filename: /home/sam/TFG/ECM-Deployment-TFG/content/introduction.tex
INFO:  Processing switches:
INFO:  Directory for backup files and log file indent.log:
       /home/sam/TFG/ECM-Deployment-TFG/content
INFO:  Perl modules are being loaded from the following directories:
       /usr/share/perl/5.34/FindBin.pm
       /usr/share/perl5/YAML/Tiny.pm
       /usr/share/perl/5.34/File/Copy.pm
       /usr/lib/x86_64-linux-gnu/perl-base/File/Basename.pm
       /usr/lib/x86_64-linux-gnu/perl-base/Getopt/Long.pm
       /usr/share/perl5/File/HomeDir.pm
INFO:  LatexIndent perl modules are being loaded from, for example:
       /home/sam/.miktex/texmfs/install/scripts/latexindent/LatexIndent/Document.pm
INFO:  YAML settings read: defaultSettings.yaml
       Reading defaultSettings.yaml from /home/sam/.miktex/texmfs/install/scripts/latexindent/defaultSettings.yaml
INFO:  YAML reading settings
       Home directory is /home/sam
       latexindent.pl didn't find indentconfig.yaml or .indentconfig.yaml
       see all possible locations: https://latexindentpl.readthedocs.io/en/latest/sec-appendices.html#indentconfig-options)
INFO:  Phase 1: searching for objects
INFO:  Phase 2: finding surrounding indentation
INFO:  Phase 3: indenting objects
INFO:  Phase 4: final indentation check
INFO:  Output routine:
       Not outputting to file; see -w and -o switches for more options.
       --------------
INFO:  Please direct all communication/issues to:
        https://github.com/cmhughes/latexindent.pl
